0 info it worked if it ends with ok
1 verbose cli [ 'node', '/usr/local/bin/npm', 'install', '-g', 'bower' ]
2 info using npm@2.0.2
3 info using node@v0.10.32
4 verbose node symlink /usr/local/bin/node
5 verbose cache add [ 'bower', null ]
6 verbose cache add spec="bower" args=["bower",null]
7 verbose parsed spec { raw: 'bower',
7 verbose parsed spec   scope: null,
7 verbose parsed spec   name: 'bower',
7 verbose parsed spec   rawSpec: '',
7 verbose parsed spec   spec: '*',
7 verbose parsed spec   type: 'range' }
8 verbose parsed spec { raw: 'bower',
8 verbose parsed spec   scope: null,
8 verbose parsed spec   name: 'bower',
8 verbose parsed spec   rawSpec: '',
8 verbose parsed spec   spec: '*',
8 verbose parsed spec   type: 'range' }
9 verbose addNamed [ 'bower', '*' ]
10 verbose addNamed [ null, '*' ]
11 silly lockFile b788227f-bower bower@*
12 verbose lock bower@* /Users/chadsfather/.npm/b788227f-bower.lock
13 silly addNameRange { name: 'bower', range: '*', hasData: false }
14 verbose mapToRegistry name bower
15 verbose mapToRegistry uri https://registry.npmjs.org/bower
16 verbose request on initialization, where is /bower
17 verbose request after pass 1, where is /bower
18 verbose request url raw /bower
19 verbose request resolving registry [ 'https://registry.npmjs.org/', './bower' ]
20 verbose request after pass 2, where is https://registry.npmjs.org/bower
21 verbose request no auth needed
22 info attempt registry request try #1 at 21:01:02
23 verbose request id 2f4f5a930a6eb425
24 verbose etag "73EFBFCMKC99GYHEW4FBT9473"
25 http request GET https://registry.npmjs.org/bower
26 http 304 https://registry.npmjs.org/bower
27 silly registry.get cb [ 304,
27 silly registry.get   { date: 'Sun, 15 Feb 2015 20:01:02 GMT',
27 silly registry.get     server: 'Apache',
27 silly registry.get     via: '1.1 varnish',
27 silly registry.get     'last-modified': 'Sun, 15 Feb 2015 20:01:03 GMT',
27 silly registry.get     'cache-control': 'max-age=60',
27 silly registry.get     etag: '"73EFBFCMKC99GYHEW4FBT9473"',
27 silly registry.get     age: '0',
27 silly registry.get     'x-served-by': 'cache-ams4137-AMS',
27 silly registry.get     'x-cache': 'HIT',
27 silly registry.get     'x-cache-hits': '1',
27 silly registry.get     'x-timer': 'S1424030462.420484,VS0,VE670',
27 silly registry.get     vary: 'Accept',
27 silly registry.get     'content-length': '0',
27 silly registry.get     'keep-alive': 'timeout=10, max=50',
27 silly registry.get     connection: 'Keep-Alive' } ]
28 verbose etag https://registry.npmjs.org/bower from cache
29 silly addNameRange number 2 { name: 'bower', range: '*', hasData: true }
30 silly addNameRange versions [ 'bower',
30 silly addNameRange   [ '0.1.0',
30 silly addNameRange     '0.1.2',
30 silly addNameRange     '0.1.3',
30 silly addNameRange     '0.2.0',
30 silly addNameRange     '0.3.0',
30 silly addNameRange     '0.3.1',
30 silly addNameRange     '0.3.2',
30 silly addNameRange     '0.4.0',
30 silly addNameRange     '0.5.0',
30 silly addNameRange     '0.5.1',
30 silly addNameRange     '0.6.0',
30 silly addNameRange     '0.6.1',
30 silly addNameRange     '0.6.2',
30 silly addNameRange     '0.6.3',
30 silly addNameRange     '0.6.4',
30 silly addNameRange     '0.6.5',
30 silly addNameRange     '0.6.6',
30 silly addNameRange     '0.6.7',
30 silly addNameRange     '0.6.8',
30 silly addNameRange     '0.7.0',
30 silly addNameRange     '0.7.1',
30 silly addNameRange     '0.8.0',
30 silly addNameRange     '0.8.1',
30 silly addNameRange     '0.8.2',
30 silly addNameRange     '0.8.3',
30 silly addNameRange     '0.8.4',
30 silly addNameRange     '0.8.5',
30 silly addNameRange     '0.8.6',
30 silly addNameRange     '0.9.0',
30 silly addNameRange     '0.9.1',
30 silly addNameRange     '0.9.2',
30 silly addNameRange     '0.10.0',
30 silly addNameRange     '1.0.0',
30 silly addNameRange     '1.0.1',
30 silly addNameRange     '1.0.2',
30 silly addNameRange     '1.0.3',
30 silly addNameRange     '1.1.0',
30 silly addNameRange     '1.1.1',
30 silly addNameRange     '1.1.2',
30 silly addNameRange     '1.2.0',
30 silly addNameRange     '1.2.1',
30 silly addNameRange     '1.2.2',
30 silly addNameRange     '1.2.3',
30 silly addNameRange     '1.2.4',
30 silly addNameRange     '1.2.5',
30 silly addNameRange     '1.2.6',
30 silly addNameRange     '1.2.7',
30 silly addNameRange     '1.2.8',
30 silly addNameRange     '1.3.0',
30 silly addNameRange     '1.3.1',
30 silly addNameRange     '1.3.2',
30 silly addNameRange     '1.3.3',
30 silly addNameRange     '1.3.4',
30 silly addNameRange     '1.3.5',
30 silly addNameRange     '1.3.6',
30 silly addNameRange     '1.3.7',
30 silly addNameRange     '1.3.8',
30 silly addNameRange     '1.3.9',
30 silly addNameRange     '1.3.10',
30 silly addNameRange     '1.3.11',
30 silly addNameRange     '1.3.12' ] ]
31 verbose addNamed [ 'bower', '1.3.12' ]
32 verbose addNamed [ '1.3.12', '1.3.12' ]
33 silly lockFile 9819431c-bower-1-3-12 bower@1.3.12
34 verbose lock bower@1.3.12 /Users/chadsfather/.npm/9819431c-bower-1-3-12.lock
35 silly lockFile b05fd70b-npmjs-org-bower-bower-1-3-12-tgz https://registry.npmjs.org/bower/-/bower-1.3.12.tgz
36 verbose lock https://registry.npmjs.org/bower/-/bower-1.3.12.tgz /Users/chadsfather/.npm/b05fd70b-npmjs-org-bower-bower-1-3-12-tgz.lock
37 verbose addRemoteTarball [ 'https://registry.npmjs.org/bower/-/bower-1.3.12.tgz',
37 verbose addRemoteTarball   '37de0edb3904baf90aee13384a1a379a05ee214c' ]
38 info retry fetch attempt 1 at 21:01:03
39 info attempt registry request try #1 at 21:01:03
40 http fetch GET https://registry.npmjs.org/bower/-/bower-1.3.12.tgz
41 http fetch 200 https://registry.npmjs.org/bower/-/bower-1.3.12.tgz
42 silly fetchAndShaCheck shasum 37de0edb3904baf90aee13384a1a379a05ee214c
43 silly lockFile b05fd70b-npmjs-org-bower-bower-1-3-12-tgz https://registry.npmjs.org/bower/-/bower-1.3.12.tgz
44 silly lockFile b05fd70b-npmjs-org-bower-bower-1-3-12-tgz https://registry.npmjs.org/bower/-/bower-1.3.12.tgz
45 silly lockFile 9819431c-bower-1-3-12 bower@1.3.12
46 silly lockFile 9819431c-bower-1-3-12 bower@1.3.12
47 silly lockFile b788227f-bower bower@*
48 silly lockFile b788227f-bower bower@*
49 verbose stack Error: EACCES, mkdir '/Users/chadsfather/.npm/bower/1.3.12'
50 verbose cwd /Users/chadsfather/Desktop/Desktop Groups/Escritorio/proyectos_web/tess
51 error Darwin 14.1.0
52 error argv "node" "/usr/local/bin/npm" "install" "-g" "bower"
53 error node v0.10.32
54 error npm  v2.0.2
55 error path /Users/chadsfather/.npm/bower/1.3.12
56 error code EACCES
57 error errno 3
58 error Error: EACCES, mkdir '/Users/chadsfather/.npm/bower/1.3.12'
58 error  { [Error: EACCES, mkdir '/Users/chadsfather/.npm/bower/1.3.12']
58 error   errno: 3,
58 error   code: 'EACCES',
58 error   path: '/Users/chadsfather/.npm/bower/1.3.12' }
59 error Please try running this command again as root/Administrator.
60 verbose exit [ 3, true ]
